<?xml version="1.0" encoding="UTF-8"?>
<!-- Generated by org.testng.reporters.JUnitReportReporter -->
<testsuite hostname="LAPTOP-9FCHPSN3" failures="0" tests="3" name="testng.groupby" time="0.011" errors="0" timestamp="2023-01-05T14:32:24 IST" skipped="0">
  <testcase classname="testng.groupby" name="addtocart" time="0.007"/>
  <system-out/>
  <testcase classname="testng.groupby" name="login" time="0.001"/>
  <system-out/>
  <testcase classname="testng.groupby" name="logout" time="0.003"/>
  <system-out/>
</testsuite> <!-- testng.groupby -->
