<?xml version="1.0" encoding="UTF-8"?>
<!-- Generated by org.testng.reporters.JUnitReportReporter -->
<testsuite hostname="LAPTOP-9FCHPSN3" failures="0" tests="2" name="testng.B" time="0.016" errors="0" timestamp="2023-01-05T14:48:38 IST" skipped="0">
  <testcase classname="testng.B" name="city" time="0.009"/>
  <system-out/>
  <testcase classname="testng.B" name="name" time="0.007"/>
  <system-out/>
</testsuite> <!-- testng.B -->
