<?xml version="1.0" encoding="UTF-8"?>
<!-- Generated by org.testng.reporters.JUnitReportReporter -->
<testsuite hostname="LAPTOP-9FCHPSN3" failures="0" tests="2" name="testng.D" time="3.603" errors="0" timestamp="2023-01-05T15:15:23 IST" skipped="0">
  <testcase classname="testng.D" name="chrome" time="1.801"/>
  <system-out/>
  <testcase classname="testng.D" name="chrome" time="1.802"/>
  <system-out/>
</testsuite> <!-- testng.D -->
