<?xml version="1.0" encoding="UTF-8"?>
<!-- Generated by org.testng.reporters.JUnitReportReporter -->
<testsuite hostname="LAPTOP-9FCHPSN3" failures="0" tests="1" name="basicTestScript.demobasicTestSCript" time="0.007" errors="0" timestamp="2023-01-06T16:09:19 IST" skipped="0">
  <testcase classname="basicTestScript.demobasicTestSCript" name="verifyLogin" time="0.007"/>
  <system-out/>
</testsuite> <!-- basicTestScript.demobasicTestSCript -->
