<?xml version="1.0" encoding="UTF-8"?>
<!-- Generated by org.testng.reporters.JUnitReportReporter -->
<testsuite hostname="LAPTOP-9FCHPSN3" failures="0" tests="5" name="testng.InvocationCount" time="0.006" errors="0" timestamp="2023-01-05T14:28:12 IST" skipped="0">
  <testcase classname="testng.InvocationCount" name="demo" time="0.001"/>
  <system-out/>
  <testcase classname="testng.InvocationCount" name="demo" time="0.001"/>
  <system-out/>
  <testcase classname="testng.InvocationCount" name="demo" time="0.001"/>
  <system-out/>
  <testcase classname="testng.InvocationCount" name="demo" time="0.001"/>
  <system-out/>
  <testcase classname="testng.InvocationCount" name="demo" time="0.002"/>
  <system-out/>
</testsuite> <!-- testng.InvocationCount -->
