<?xml version="1.0" encoding="UTF-8"?>
<!-- Generated by org.testng.reporters.JUnitReportReporter -->
<testsuite hostname="LAPTOP-9FCHPSN3" failures="0" tests="5" name="testng.Test1" time="0.005" errors="0" timestamp="2023-01-05T14:28:11 IST" skipped="0">
  <testcase classname="testng.Test1" name="Aemo3" time="0.001"/>
  <system-out/>
  <testcase classname="testng.Test1" name="demo1" time="0.001"/>
  <system-out/>
  <testcase classname="testng.Test1" name="demo3" time="0.001"/>
  <system-out/>
  <testcase classname="testng.Test1" name="demo2" time="0.001"/>
  <system-out/>
  <testcase classname="testng.Test1" name="aemo3" time="0.001"/>
  <system-out/>
</testsuite> <!-- testng.Test1 -->
