<?xml version="1.0" encoding="UTF-8"?>
<!-- Generated by org.testng.reporters.JUnitReportReporter -->
<testsuite hostname="LAPTOP-9FCHPSN3" failures="0" tests="1" name="testng.c" time="1.396" errors="0" timestamp="2023-01-05T14:52:11 IST" skipped="0">
  <testcase classname="testng.c" name="chrome" time="1.396"/>
  <system-out/>
</testsuite> <!-- testng.c -->
