<?xml version="1.0" encoding="UTF-8"?>
<!-- Generated by org.testng.reporters.JUnitReportReporter -->
<testsuite hostname="LAPTOP-9FCHPSN3" failures="0" tests="4" name="testng.A$priority" time="0.017" errors="0" timestamp="2023-01-05T14:48:38 IST" skipped="0">
  <testcase classname="testng.A$priority" name="qemo3" time="0.008"/>
  <system-out/>
  <testcase classname="testng.A$priority" name="aemo1" time="0.003"/>
  <system-out/>
  <testcase classname="testng.A$priority" name="Aemo3" time="0.001"/>
  <system-out/>
  <testcase classname="testng.A$priority" name="bemo3" time="0.005"/>
  <system-out/>
</testsuite> <!-- testng.A$priority -->
