<?xml version="1.0" encoding="UTF-8"?>
<!-- Generated by org.testng.reporters.JUnitReportReporter -->
<testsuite hostname="LAPTOP-9FCHPSN3" failures="0" tests="2" name="basicTestScript.demoTestscript" time="0.012" errors="0" timestamp="2023-01-06T16:12:46 IST" skipped="0">
  <testcase classname="basicTestScript.demoTestscript" name="verifyLogin" time="0.011"/>
  <system-out/>
  <testcase classname="basicTestScript.demoTestscript" name="verifyCreateUser" time="0.001"/>
  <system-out/>
</testsuite> <!-- basicTestScript.demoTestscript -->
